app/build/outputs/logs/manifest-merger-debug-report.txt
-- Merging decision tree log ---
manifest
ADDED from src\main\AndroidManifest.xml:2:1-205:12
	xmlns:android
		ADDED from src\main\AndroidManifest.xml:2:11-69
	package
		ADDED from src\main\AndroidManifest.xml:3:5-35
		INJECTED from src\main\AndroidManifest.xml
		INJECTED from src\main\AndroidManifest.xml
	android:versionName
		ADDED from src\main\AndroidManifest.xml:5:5-30
		INJECTED from src\main\AndroidManifest.xml
		INJECTED from src\main\AndroidManifest.xml
	android:versionCode
		ADDED from src\main\AndroidManifest.xml:4:5-28
		INJECTED from src\main\AndroidManifest.xml
		INJECTED from src\main\AndroidManifest.xml
uses-sdk
ADDED from src\main\AndroidManifest.xml:7:5-9:41
MERGED from [com.android.support:support-v4:23.0.0] AndroidManifest.xml:20:5-43
	android:targetSdkVersion
		ADDED from src\main\AndroidManifest.xml:9:9-38
		INJECTED from src\main\AndroidManifest.xml
		INJECTED from src\main\AndroidManifest.xml
	android:minSdkVersion
		ADDED from src\main\AndroidManifest.xml:8:9-35
		INJECTED from src\main\AndroidManifest.xml
		INJECTED from src\main\AndroidManifest.xml
permission#cn.bmob.permission.push
ADDED from src\main\AndroidManifest.xml:11:5-14:18
	android:protectionLevel
		ADDED from src\main\AndroidManifest.xml:13:9-41
	android:name
		ADDED from src\main\AndroidManifest.xml:12:9-47
uses-permission#cn.bmob.permission.push
ADDED from src\main\AndroidManifest.xml:16:5-63
	android:name
		ADDED from src\main\AndroidManifest.xml:16:22-60
uses-permission#android.permission.ACCESS_WIFI_STATE
ADDED from src\main\AndroidManifest.xml:17:5-76
	android:name
		ADDED from src\main\AndroidManifest.xml:17:22-73
uses-permission#android.permission.ACCESS_NETWORK_STATE
ADDED from src\main\AndroidManifest.xml:18:5-79
	android:name
		ADDED from src\main\AndroidManifest.xml:18:22-76
uses-permission#android.permission.ACCESS_COARSE_LOCATION
ADDED from src\main\AndroidManifest.xml:19:5-81
	android:name
		ADDED from src\main\AndroidManifest.xml:19:22-78
uses-permission#android.permission.ACCESS_FINE_LOCATION
ADDED from src\main\AndroidManifest.xml:20:5-79
	android:name
		ADDED from src\main\AndroidManifest.xml:20:22-76
uses-permission#android.permission.BROADCAST_STICKY
ADDED from src\main\AndroidManifest.xml:21:5-75
	android:name
		ADDED from src\main\AndroidManifest.xml:21:22-72
uses-permission#android.permission.CHANGE_WIFI_STATE
ADDED from src\main\AndroidManifest.xml:22:5-76
	android:name
		ADDED from src\main\AndroidManifest.xml:22:22-73
uses-permission#android.permission.CAMERA
ADDED from src\main\AndroidManifest.xml:23:5-65
	android:name
		ADDED from src\main\AndroidManifest.xml:23:22-62
uses-permission#android.permission.GET_TASKS
ADDED from src\main\AndroidManifest.xml:24:5-68
	android:name
		ADDED from src\main\AndroidManifest.xml:24:22-65
uses-permission#android.permission.INTERNET
ADDED from src\main\AndroidManifest.xml:25:5-67
	android:name
		ADDED from src\main\AndroidManifest.xml:25:22-64
uses-permission#android.permission.MODIFY_AUDIO_SETTINGS
ADDED from src\main\AndroidManifest.xml:26:5-80
	android:name
		ADDED from src\main\AndroidManifest.xml:26:22-77
uses-permission#android.permission.MOUNT_UNMOUNT_FILESYSTEMS
ADDED from src\main\AndroidManifest.xml:27:5-84
	android:name
		ADDED from src\main\AndroidManifest.xml:27:22-81
uses-permission#android.permission.RECORD_AUDIO
ADDED from src\main\AndroidManifest.xml:29:5-71
	android:name
		ADDED from src\main\AndroidManifest.xml:29:22-68
uses-permission#android.permission.READ_PHONE_STATE
ADDED from src\main\AndroidManifest.xml:30:5-75
	android:name
		ADDED from src\main\AndroidManifest.xml:30:22-72
uses-permission#android.permission.READ_LOGS
ADDED from src\main\AndroidManifest.xml:31:5-68
	android:name
		ADDED from src\main\AndroidManifest.xml:31:22-65
uses-permission#android.permission.RECEIVE_BOOT_COMPLETED
ADDED from src\main\AndroidManifest.xml:32:5-81
	android:name
		ADDED from src\main\AndroidManifest.xml:32:22-78
uses-permission#android.permission.RECEIVE_USER_PRESENT
ADDED from src\main\AndroidManifest.xml:33:5-79
	android:name
		ADDED from src\main\AndroidManifest.xml:33:22-76
uses-permission#android.permission.VIBRATE
ADDED from src\main\AndroidManifest.xml:35:5-66
	android:name
		ADDED from src\main\AndroidManifest.xml:35:22-63
uses-permission#android.permission.WAKE_LOCK
ADDED from src\main\AndroidManifest.xml:36:5-68
	android:name
		ADDED from src\main\AndroidManifest.xml:36:22-65
uses-permission#android.permission.WRITE_EXTERNAL_STORAGE
ADDED from src\main\AndroidManifest.xml:37:5-81
	android:name
		ADDED from src\main\AndroidManifest.xml:37:22-78
uses-permission#android.permission.WRITE_SETTINGS
ADDED from src\main\AndroidManifest.xml:38:5-73
	android:name
		ADDED from src\main\AndroidManifest.xml:38:22-70
uses-permission#android.permission.CHANGE_NETWORK_STATE
ADDED from src\main\AndroidManifest.xml:39:5-79
	android:name
		ADDED from src\main\AndroidManifest.xml:39:22-76
supports-screens
ADDED from src\main\AndroidManifest.xml:41:5-46:39
	android:resizeable
		ADDED from src\main\AndroidManifest.xml:45:9-34
	android:largeScreens
		ADDED from src\main\AndroidManifest.xml:43:9-36
	android:anyDensity
		ADDED from src\main\AndroidManifest.xml:42:9-34
	android:normalScreens
		ADDED from src\main\AndroidManifest.xml:44:9-38
	android:smallScreens
		ADDED from src\main\AndroidManifest.xml:46:9-36
application
ADDED from src\main\AndroidManifest.xml:48:5-203:19
MERGED from [com.android.support:support-v4:23.0.0] AndroidManifest.xml:22:5-20
	android:label
		ADDED from src\main\AndroidManifest.xml:52:9-41
	android:allowBackup
		ADDED from src\main\AndroidManifest.xml:50:9-35
	android:icon
		ADDED from src\main\AndroidManifest.xml:51:9-45
	android:theme
		ADDED from src\main\AndroidManifest.xml:53:9-52
	android:name
		ADDED from src\main\AndroidManifest.xml:49:9-54
meta-data#com.baidu.lbsapi.API_KEY
ADDED from src\main\AndroidManifest.xml:54:9-56:56
	android:name
		ADDED from src\main\AndroidManifest.xml:55:13-52
	android:value
		ADDED from src\main\AndroidManifest.xml:56:13-53
activity#com.stranger.pre.WelcomeActivity
ADDED from src\main\AndroidManifest.xml:59:9-68:20
	android:screenOrientation
		ADDED from src\main\AndroidManifest.xml:62:13-49
	android:label
		ADDED from src\main\AndroidManifest.xml:61:13-34
	android:name
		ADDED from src\main\AndroidManifest.xml:60:13-60
intent-filter#android.intent.action.MAIN+android.intent.category.LAUNCHER
ADDED from src\main\AndroidManifest.xml:63:13-67:29
action#android.intent.action.MAIN
ADDED from src\main\AndroidManifest.xml:64:17-69
	android:name
		ADDED from src\main\AndroidManifest.xml:64:25-66
category#android.intent.category.LAUNCHER
ADDED from src\main\AndroidManifest.xml:66:17-77
	android:name
		ADDED from src\main\AndroidManifest.xml:66:27-74
activity#com.stranger.pre.DSLoginActivity
ADDED from src\main\AndroidManifest.xml:70:9-74:20
	android:screenOrientation
		ADDED from src\main\AndroidManifest.xml:73:13-49
	android:label
		ADDED from src\main\AndroidManifest.xml:72:13-45
	android:name
		ADDED from src\main\AndroidManifest.xml:71:13-60
activity#com.stranger.activity.PersonnalInfo
ADDED from src\main\AndroidManifest.xml:76:9-80:20
	android:screenOrientation
		ADDED from src\main\AndroidManifest.xml:79:13-49
	android:label
		ADDED from src\main\AndroidManifest.xml:78:13-45
	android:name
		ADDED from src\main\AndroidManifest.xml:77:13-63
activity#com.stranger.activity.EditPersonnalInfo
ADDED from src\main\AndroidManifest.xml:82:9-86:20
	android:screenOrientation
		ADDED from src\main\AndroidManifest.xml:85:13-49
	android:label
		ADDED from src\main\AndroidManifest.xml:84:13-45
	android:name
		ADDED from src\main\AndroidManifest.xml:83:13-67
activity#com.stranger.pre.DSSignupActivity
ADDED from src\main\AndroidManifest.xml:88:9-92:20
	android:screenOrientation
		ADDED from src\main\AndroidManifest.xml:91:13-49
	android:label
		ADDED from src\main\AndroidManifest.xml:90:13-45
	android:name
		ADDED from src\main\AndroidManifest.xml:89:13-61
activity#com.stranger.activity.MainActivity
ADDED from src\main\AndroidManifest.xml:94:9-98:20
	android:screenOrientation
		ADDED from src\main\AndroidManifest.xml:97:13-49
	android:label
		ADDED from src\main\AndroidManifest.xml:96:13-45
	android:name
		ADDED from src\main\AndroidManifest.xml:95:13-62
activity#com.stranger.activity.ChatActivity
ADDED from src\main\AndroidManifest.xml:100:9-104:20
	android:screenOrientation
		ADDED from src\main\AndroidManifest.xml:103:13-49
	android:label
		ADDED from src\main\AndroidManifest.xml:102:13-33
	android:name
		ADDED from src\main\AndroidManifest.xml:101:13-62
activity#com.stranger.activity.NewFriendActivity
ADDED from src\main\AndroidManifest.xml:106:9-110:20
	android:screenOrientation
		ADDED from src\main\AndroidManifest.xml:109:13-49
	android:label
		ADDED from src\main\AndroidManifest.xml:108:13-32
	android:name
		ADDED from src\main\AndroidManifest.xml:107:13-67
activity#com.stranger.activity.ImageBrowserActivity
ADDED from src\main\AndroidManifest.xml:112:9-116:20
	android:screenOrientation
		ADDED from src\main\AndroidManifest.xml:115:13-49
	android:label
		ADDED from src\main\AndroidManifest.xml:114:13-34
	android:name
		ADDED from src\main\AndroidManifest.xml:113:13-70
activity#com.stranger.activity.ConstellationActivity
ADDED from src\main\AndroidManifest.xml:118:9-122:20
	android:screenOrientation
		ADDED from src\main\AndroidManifest.xml:121:13-49
	android:label
		ADDED from src\main\AndroidManifest.xml:120:13-42
	android:name
		ADDED from src\main\AndroidManifest.xml:119:13-71
activity#com.stranger.activity.Constell_CompActivity
ADDED from src\main\AndroidManifest.xml:124:9-128:20
	android:screenOrientation
		ADDED from src\main\AndroidManifest.xml:127:13-49
	android:label
		ADDED from src\main\AndroidManifest.xml:126:13-42
	android:name
		ADDED from src\main\AndroidManifest.xml:125:13-71
activity#com.stranger.activity.SettingsActivity
ADDED from src\main\AndroidManifest.xml:130:9-134:20
	android:screenOrientation
		ADDED from src\main\AndroidManifest.xml:133:13-49
	android:label
		ADDED from src\main\AndroidManifest.xml:132:13-37
	android:name
		ADDED from src\main\AndroidManifest.xml:131:13-66
activity#com.stranger.shake_find.Shake
ADDED from src\main\AndroidManifest.xml:136:9-139:52
	android:screenOrientation
		ADDED from src\main\AndroidManifest.xml:139:13-49
	android:label
		ADDED from src\main\AndroidManifest.xml:138:13-32
	android:name
		ADDED from src\main\AndroidManifest.xml:137:13-57
activity#com.stranger.map.LocationAct
ADDED from src\main\AndroidManifest.xml:141:9-145:52
	android:screenOrientation
		ADDED from src\main\AndroidManifest.xml:145:13-49
	android:label
		ADDED from src\main\AndroidManifest.xml:144:13-37
	android:configChanges
		ADDED from src\main\AndroidManifest.xml:143:13-63
	android:name
		ADDED from src\main\AndroidManifest.xml:142:13-56
activity#com.stranger.map.Set
ADDED from src\main\AndroidManifest.xml:146:9-149:52
	android:screenOrientation
		ADDED from src\main\AndroidManifest.xml:149:13-49
	android:label
		ADDED from src\main\AndroidManifest.xml:148:13-32
	android:name
		ADDED from src\main\AndroidManifest.xml:147:13-48
activity#com.stranger.game.SeeColorMain
ADDED from src\main\AndroidManifest.xml:151:9-154:52
	android:screenOrientation
		ADDED from src\main\AndroidManifest.xml:154:13-49
	android:label
		ADDED from src\main\AndroidManifest.xml:153:13-33
	android:name
		ADDED from src\main\AndroidManifest.xml:152:13-58
service#com.baidu.location.f
ADDED from src\main\AndroidManifest.xml:157:9-165:19
	android:process
		ADDED from src\main\AndroidManifest.xml:160:13-38
	android:enabled
		ADDED from src\main\AndroidManifest.xml:159:13-35
	android:name
		ADDED from src\main\AndroidManifest.xml:158:13-48
intent-filter#com.baidu.location.service_v3.3
ADDED from src\main\AndroidManifest.xml:161:13-164:29
action#com.baidu.location.service_v3.3
ADDED from src\main\AndroidManifest.xml:162:17-163:26
	android:name
		ADDED from src\main\AndroidManifest.xml:162:25-71
service#cn.bmob.push.lib.service.PushService
ADDED from src\main\AndroidManifest.xml:168:9-177:19
	android:label
		ADDED from src\main\AndroidManifest.xml:171:13-40
	android:process
		ADDED from src\main\AndroidManifest.xml:173:13-43
	android:exported
		ADDED from src\main\AndroidManifest.xml:170:13-36
	android:permission
		ADDED from src\main\AndroidManifest.xml:172:13-57
	android:name
		ADDED from src\main\AndroidManifest.xml:169:13-64
intent-filter#cn.bmob.push.lib.service.PushService
ADDED from src\main\AndroidManifest.xml:174:13-176:29
action#cn.bmob.push.lib.service.PushService
ADDED from src\main\AndroidManifest.xml:175:17-79
	android:name
		ADDED from src\main\AndroidManifest.xml:175:25-76
receiver#cn.bmob.push.PushReceiver
ADDED from src\main\AndroidManifest.xml:179:9-188:20
	android:name
		ADDED from src\main\AndroidManifest.xml:179:19-59
intent-filter#android.intent.action.BOOT_COMPLETED+android.intent.action.USER_PRESENT+android.net.conn.CONNECTIVITY_CHANGE
ADDED from src\main\AndroidManifest.xml:180:13-187:29
	android:priority
		ADDED from src\main\AndroidManifest.xml:180:28-57
action#android.intent.action.BOOT_COMPLETED
ADDED from src\main\AndroidManifest.xml:182:17-79
	android:name
		ADDED from src\main\AndroidManifest.xml:182:25-76
action#android.intent.action.USER_PRESENT
ADDED from src\main\AndroidManifest.xml:184:17-77
	android:name
		ADDED from src\main\AndroidManifest.xml:184:25-74
action#android.net.conn.CONNECTIVITY_CHANGE
ADDED from src\main\AndroidManifest.xml:186:17-79
	android:name
		ADDED from src\main\AndroidManifest.xml:186:25-76
receiver#com.stranger.receiver.MyPushReceiver
ADDED from src\main\AndroidManifest.xml:191:9-195:20
	android:name
		ADDED from src\main\AndroidManifest.xml:191:19-70
intent-filter#cn.bmob.push.action.MESSAGE
ADDED from src\main\AndroidManifest.xml:192:13-194:29
action#cn.bmob.push.action.MESSAGE
ADDED from src\main\AndroidManifest.xml:193:17-70
	android:name
		ADDED from src\main\AndroidManifest.xml:193:25-67
service#cn.bmob.im.poll.BmobPollService
ADDED from src\main\AndroidManifest.xml:198:9-202:19
	android:name
		ADDED from src\main\AndroidManifest.xml:198:18-64
intent-filter#cn.bmob.im.service.BmobPollService
ADDED from src\main\AndroidManifest.xml:199:13-201:29
action#cn.bmob.im.service.BmobPollService
ADDED from src\main\AndroidManifest.xml:200:17-77
	android:name
		ADDED from src\main\AndroidManifest.xml:200:25-74